<?xml version="1.0" encoding="UTF-8"?>
<!-- Generated by org.testng.reporters.JUnitReportReporter -->
<testsuite skipped="0" hostname="CBT-MH-008" name="Test.M1_TC1_Reg" tests="1" failures="0" timestamp="11 Oct 2019 07:32:38 GMT" time="17.099" errors="0">
  <testcase name="userRegistration" time="17.099" classname="Test.M1_TC1_Reg"/>
</testsuite> <!-- Test.M1_TC1_Reg -->
