<?xml version="1.0" encoding="UTF-8"?>
<!-- Generated by org.testng.reporters.JUnitReportReporter -->
<testsuite skipped="0" hostname="CBT-MH-008" name="Test.flightsearch_Testcase" tests="1" failures="0" timestamp="11 Oct 2019 07:35:49 GMT" time="28.107" errors="0">
  <testcase name="flightSearch" time="28.107" classname="Test.flightsearch_Testcase"/>
</testsuite> <!-- Test.flightsearch_Testcase -->
