<?xml version="1.0" encoding="UTF-8"?>
<!-- Generated by org.testng.reporters.JUnitReportReporter -->
<testsuite skipped="0" hostname="CBT-MH-008" name="Test.M2_TC1_Login" tests="1" failures="0" timestamp="11 Oct 2019 07:34:17 GMT" time="15.615" errors="0">
  <testcase name="userLogin" time="15.615" classname="Test.M2_TC1_Login"/>
</testsuite> <!-- Test.M2_TC1_Login -->
