<?xml version="1.0" encoding="UTF-8"?>
<!-- Generated by org.testng.reporters.JUnitReportReporter -->
<testsuite skipped="0" hostname="CBT-MH-008" name="Test.toursearch_Testcase" tests="1" failures="0" timestamp="11 Oct 2019 07:37:03 GMT" time="58.325" errors="0">
  <testcase name="tourSearch" time="58.325" classname="Test.toursearch_Testcase"/>
</testsuite> <!-- Test.toursearch_Testcase -->
