<?xml version="1.0" encoding="UTF-8"?>
<!-- Generated by org.testng.reporters.JUnitReportReporter -->
<testsuite skipped="0" hostname="CBT-MH-008" name="Test.Hotel_Search" tests="1" failures="0" timestamp="11 Oct 2019 07:35:09 GMT" time="25.072" errors="0">
  <testcase name="hotelSearch" time="25.072" classname="Test.Hotel_Search"/>
</testsuite> <!-- Test.Hotel_Search -->
